<?xml version="1.0" encoding="UTF-8"?>
<!-- Generated by org.testng.reporters.JUnitXMLReporter -->
<testsuite hostname="DELL-PC" failures="0" tests="3" name="Default test" time="10.657" errors="0" timestamp="12 Apr 2018 16:12:56 GMT">
  <testcase classname="com.actitime.logintest.LoginTest" name="clickOnLoginButtonWithoutTestData" time="1.658"/>
  <testcase classname="com.actitime.logintest.LoginTest" name="verifyInvalidPasswordTest" time="1.585"/>
  <testcase classname="com.actitime.logintest.LoginTest" name="verifyInvalidUsernameTest" time="0.655"/>
</testsuite> <!-- Default test -->
