<?xml version="1.0" encoding="UTF-8"?>
<!-- Generated by org.testng.reporters.JUnitXMLReporter -->
<testsuite hostname="DELL-PC" failures="0" tests="3" name="Default test" time="11.48" errors="0" timestamp="8 Jun 2018 10:18:36 GMT">
  <testcase classname="com.actitime.logintest.LoginTest" name="clickOnLoginButtonWithoutTestData" time="1.495"/>
  <testcase classname="com.actitime.logintest.LoginTest" name="verifyInvalidPasswordTest" time="1.597"/>
  <testcase classname="com.actitime.logintest.LoginTest" name="verifyInvalidUsernameTest" time="0.507"/>
</testsuite> <!-- Default test -->
