<?xml version="1.0" encoding="UTF-8"?>
<testng-results total="3" passed="3" failed="0" skipped="0">
  <reporter-output>
  </reporter-output>
  <suite started-at="2018-06-08T10:18:24Z" name="Default suite" finished-at="2018-06-08T10:18:36Z" duration-ms="11480">
    <groups>
    </groups>
    <test started-at="2018-06-08T10:18:24Z" name="Default test" finished-at="2018-06-08T10:18:36Z" duration-ms="11480">
      <class name="com.actitime.logintest.LoginTest">
        <test-method is-config="true" signature="configBC()[pri:0, instance:com.actitime.logintest.LoginTest@45b4c3a9]" started-at="2018-06-08T15:48:24Z" name="configBC" finished-at="2018-06-08T15:48:32Z" duration-ms="7851" status="PASS">
          <reporter-output>
          </reporter-output>
        </test-method> <!-- configBC -->
        <test-method signature="clickOnLoginButtonWithoutTestData()[pri:0, instance:com.actitime.logintest.LoginTest@45b4c3a9]" started-at="2018-06-08T15:48:32Z" name="clickOnLoginButtonWithoutTestData" finished-at="2018-06-08T15:48:34Z" duration-ms="1495" status="PASS">
          <reporter-output>
          </reporter-output>
        </test-method> <!-- clickOnLoginButtonWithoutTestData -->
        <test-method signature="verifyInvalidPasswordTest()[pri:0, instance:com.actitime.logintest.LoginTest@45b4c3a9]" started-at="2018-06-08T15:48:34Z" name="verifyInvalidPasswordTest" finished-at="2018-06-08T15:48:35Z" duration-ms="1597" status="PASS">
          <reporter-output>
          </reporter-output>
        </test-method> <!-- verifyInvalidPasswordTest -->
        <test-method signature="verifyInvalidUsernameTest()[pri:0, instance:com.actitime.logintest.LoginTest@45b4c3a9]" started-at="2018-06-08T15:48:35Z" name="verifyInvalidUsernameTest" finished-at="2018-06-08T15:48:36Z" duration-ms="507" status="PASS">
          <reporter-output>
          </reporter-output>
        </test-method> <!-- verifyInvalidUsernameTest -->
        <test-method is-config="true" signature="configAC()[pri:0, instance:com.actitime.logintest.LoginTest@45b4c3a9]" started-at="2018-06-08T15:48:36Z" name="configAC" finished-at="2018-06-08T15:48:36Z" duration-ms="9" status="PASS">
          <reporter-output>
          </reporter-output>
        </test-method> <!-- configAC -->
      </class> <!-- com.actitime.logintest.LoginTest -->
    </test> <!-- Default test -->
  </suite> <!-- Default suite -->
</testng-results>
