<?xml version="1.0" encoding="UTF-8"?>
<testng-results total="3" passed="3" failed="0" skipped="0">
  <reporter-output>
  </reporter-output>
  <suite started-at="2018-04-12T16:12:45Z" name="Default suite" finished-at="2018-04-12T16:12:56Z" duration-ms="10657">
    <groups>
    </groups>
    <test started-at="2018-04-12T16:12:45Z" name="Default test" finished-at="2018-04-12T16:12:56Z" duration-ms="10657">
      <class name="com.actitime.logintest.LoginTest">
        <test-method is-config="true" signature="configBC()[pri:0, instance:com.actitime.logintest.LoginTest@6a2f6f80]" started-at="2018-04-12T21:42:45Z" name="configBC" finished-at="2018-04-12T21:42:52Z" duration-ms="6725" status="PASS">
          <reporter-output>
          </reporter-output>
        </test-method> <!-- configBC -->
        <test-method signature="clickOnLoginButtonWithoutTestData()[pri:0, instance:com.actitime.logintest.LoginTest@6a2f6f80]" started-at="2018-04-12T21:42:52Z" name="clickOnLoginButtonWithoutTestData" finished-at="2018-04-12T21:42:53Z" duration-ms="1658" status="PASS">
          <reporter-output>
          </reporter-output>
        </test-method> <!-- clickOnLoginButtonWithoutTestData -->
        <test-method signature="verifyInvalidPasswordTest()[pri:0, instance:com.actitime.logintest.LoginTest@6a2f6f80]" started-at="2018-04-12T21:42:53Z" name="verifyInvalidPasswordTest" finished-at="2018-04-12T21:42:55Z" duration-ms="1585" status="PASS">
          <reporter-output>
          </reporter-output>
        </test-method> <!-- verifyInvalidPasswordTest -->
        <test-method signature="verifyInvalidUsernameTest()[pri:0, instance:com.actitime.logintest.LoginTest@6a2f6f80]" started-at="2018-04-12T21:42:55Z" name="verifyInvalidUsernameTest" finished-at="2018-04-12T21:42:56Z" duration-ms="655" status="PASS">
          <reporter-output>
          </reporter-output>
        </test-method> <!-- verifyInvalidUsernameTest -->
        <test-method is-config="true" signature="configAC()[pri:0, instance:com.actitime.logintest.LoginTest@6a2f6f80]" started-at="2018-04-12T21:42:56Z" name="configAC" finished-at="2018-04-12T21:42:56Z" duration-ms="10" status="PASS">
          <reporter-output>
          </reporter-output>
        </test-method> <!-- configAC -->
      </class> <!-- com.actitime.logintest.LoginTest -->
    </test> <!-- Default test -->
  </suite> <!-- Default suite -->
</testng-results>
